<?xml version="1.0" encoding="UTF-8"?>
<!-- Generated by org.testng.reporters.JUnitReportReporter -->
<testsuite hostname="DESKTOP-HAO5JAG" failures="0" tests="3" name="QaMax.QaMax.LoginAccount" time="86.852" errors="0" timestamp="2022-05-15T14:37:44 CDT" skipped="0">
  <testcase classname="QaMax.QaMax.LoginAccount" name="memberLogin" time="24.743"/>
  <system-out/>
  <testcase classname="QaMax.QaMax.LoginAccount" name="memberLogin" time="30.094"/>
  <system-out/>
  <testcase classname="QaMax.QaMax.LoginAccount" name="memberLogin" time="32.015"/>
  <system-out/>
</testsuite> <!-- QaMax.QaMax.LoginAccount -->
